# JRE version: Java(TM) SE Runtime Environment (13.0.2+8) (build 13.0.2+8)
# Java VM: Java HotSpot(TM) 64-Bit Server VM (13.0.2+8, mixed mode, sharing, tiered, compressed oops, g1 gc, windows-amd64)
Heap:
 garbage-first heap   total 76800K, used 25433K [0x00000000c2000000, 0x0000000100000000)
  region size 1024K, 4 young (4096K), 4 survivors (4096K)
 Metaspace       used 32724K, capacity 33969K, committed 34176K, reserved 1079296K
  class space    used 4228K, capacity 4662K, committed 4736K, reserved 1048576K
GC Heap History (20 events):
Event: 1.248 GC heap after
{Heap after GC invocations=5 (full 0):
 garbage-first heap   total 63488K, used 10494K [0x00000000c2000000, 0x0000000100000000)
  region size 1024K, 3 young (3072K), 3 survivors (3072K)
 Metaspace       used 14311K, capacity 14941K, committed 15232K, reserved 1062912K
  class space    used 1880K, capacity 2100K, committed 2176K, reserved 1048576K
}
Event: 1.531 GC heap before
{Heap before GC invocations=5 (full 0):
 garbage-first heap   total 63488K, used 43262K [0x00000000c2000000, 0x0000000100000000)
  region size 1024K, 36 young (36864K), 3 survivors (3072K)
 Metaspace       used 15230K, capacity 15893K, committed 16128K, reserved 1062912K
  class space    used 1998K, capacity 2224K, committed 2304K, reserved 1048576K
}
Event: 1.534 GC heap after
{Heap after GC invocations=6 (full 0):
 garbage-first heap   total 63488K, used 11324K [0x00000000c2000000, 0x0000000100000000)
  region size 1024K, 4 young (4096K), 4 survivors (4096K)
 Metaspace       used 15230K, capacity 15893K, committed 16128K, reserved 1062912K
  class space    used 1998K, capacity 2224K, committed 2304K, reserved 1048576K
}
Event: 1.759 GC heap before
{Heap before GC invocations=6 (full 0):
 garbage-first heap   total 63488K, used 44092K [0x00000000c2000000, 0x0000000100000000)
  region size 1024K, 37 young (37888K), 4 survivors (4096K)
 Metaspace       used 16133K, capacity 16883K, committed 17024K, reserved 1064960K
  class space    used 2111K, capacity 2383K, committed 2432K, reserved 1048576K
}
Event: 1.763 GC heap after
{Heap after GC invocations=7 (full 0):
 garbage-first heap   total 76800K, used 12268K [0x00000000c2000000, 0x0000000100000000)
  region size 1024K, 4 young (4096K), 4 survivors (4096K)
 Metaspace       used 16133K, capacity 16883K, committed 17024K, reserved 1064960K
  class space    used 2111K, capacity 2383K, committed 2432K, reserved 1048576K
}
Event: 2.138 GC heap before
{Heap before GC invocations=7 (full 0):
 garbage-first heap   total 76800K, used 54252K [0x00000000c2000000, 0x0000000100000000)
  region size 1024K, 45 young (46080K), 4 survivors (4096K)
 Metaspace       used 18552K, capacity 19437K, committed 19456K, reserved 1067008K
  class space    used 2476K, capacity 2803K, committed 2816K, reserved 1048576K
}
Event: 2.142 GC heap after
{Heap after GC invocations=8 (full 0):
 garbage-first heap   total 76800K, used 13389K [0x00000000c2000000, 0x0000000100000000)
  region size 1024K, 5 young (5120K), 5 survivors (5120K)
 Metaspace       used 18552K, capacity 19437K, committed 19456K, reserved 1067008K
  class space    used 2476K, capacity 2803K, committed 2816K, reserved 1048576K
}
Event: 2.305 GC heap before
{Heap before GC invocations=8 (full 0):
 garbage-first heap   total 76800K, used 33869K [0x00000000c2000000, 0x0000000100000000)
  region size 1024K, 26 young (26624K), 5 survivors (5120K)
 Metaspace       used 20289K, capacity 21203K, committed 21248K, reserved 1067008K
  class space    used 2725K, capacity 3063K, committed 3072K, reserved 1048576K
}
Event: 2.314 GC heap after
{Heap after GC invocations=9 (full 0):
 garbage-first heap   total 76800K, used 14354K [0x00000000c2000000, 0x0000000100000000)
  region size 1024K, 4 young (4096K), 4 survivors (4096K)
 Metaspace       used 20289K, capacity 21203K, committed 21248K, reserved 1067008K
  class space    used 2725K, capacity 3063K, committed 3072K, reserved 1048576K
}
Event: 2.664 GC heap before
{Heap before GC invocations=10 (full 0):
 garbage-first heap   total 55296K, used 42002K [0x00000000c2000000, 0x0000000100000000)
  region size 1024K, 32 young (32768K), 4 survivors (4096K)
 Metaspace       used 22865K, capacity 23934K, committed 24064K, reserved 1069056K
  class space    used 3080K, capacity 3485K, committed 3584K, reserved 1048576K
}
Event: 2.668 GC heap after
{Heap after GC invocations=11 (full 0):
 garbage-first heap   total 55296K, used 16021K [0x00000000c2000000, 0x0000000100000000)
  region size 1024K, 3 young (3072K), 3 survivors (3072K)
 Metaspace       used 22865K, capacity 23934K, committed 24064K, reserved 1069056K
  class space    used 3080K, capacity 3485K, committed 3584K, reserved 1048576K
}
Event: 2.672 GC heap before
{Heap before GC invocations=11 (full 0):
 garbage-first heap   total 55296K, used 41621K [0x00000000c2000000, 0x0000000100000000)
  region size 1024K, 29 young (29696K), 3 survivors (3072K)
 Metaspace       used 22865K, capacity 23934K, committed 24064K, reserved 1069056K
  class space    used 3080K, capacity 3485K, committed 3584K, reserved 1048576K
}
Event: 2.675 GC heap after
{Heap after GC invocations=12 (full 0):
 garbage-first heap   total 66560K, used 16173K [0x00000000c2000000, 0x0000000100000000)
  region size 1024K, 2 young (2048K), 2 survivors (2048K)
 Metaspace       used 22865K, capacity 23934K, committed 24064K, reserved 1069056K
  class space    used 3080K, capacity 3485K, committed 3584K, reserved 1048576K
}
Event: 2.817 GC heap before
{Heap before GC invocations=12 (full 0):
 garbage-first heap   total 66560K, used 48941K [0x00000000c2000000, 0x0000000100000000)
  region size 1024K, 35 young (35840K), 2 survivors (2048K)
 Metaspace       used 24401K, capacity 25428K, committed 25728K, reserved 1071104K
  class space    used 3227K, capacity 3620K, committed 3712K, reserved 1048576K
}
Event: 2.820 GC heap after
{Heap after GC invocations=13 (full 0):
 garbage-first heap   total 66560K, used 17767K [0x00000000c2000000, 0x0000000100000000)
  region size 1024K, 4 young (4096K), 4 survivors (4096K)
 Metaspace       used 24401K, capacity 25428K, committed 25728K, reserved 1071104K
  class space    used 3227K, capacity 3620K, committed 3712K, reserved 1048576K
}
Event: 2.836 GC heap before
{Heap before GC invocations=13 (full 0):
 garbage-first heap   total 66560K, used 50535K [0x00000000c2000000, 0x0000000100000000)
  region size 1024K, 36 young (36864K), 4 survivors (4096K)
 Metaspace       used 24401K, capacity 25428K, committed 25728K, reserved 1071104K
  class space    used 3227K, capacity 3620K, committed 3712K, reserved 1048576K
}
Event: 2.838 GC heap after
{Heap after GC invocations=14 (full 0):
 garbage-first heap   total 66560K, used 17786K [0x00000000c2000000, 0x0000000100000000)
  region size 1024K, 2 young (2048K), 2 survivors (2048K)
 Metaspace       used 24401K, capacity 25428K, committed 25728K, reserved 1071104K
  class space    used 3227K, capacity 3620K, committed 3712K, reserved 1048576K
}
Event: 3.351 GC heap before
{Heap before GC invocations=14 (full 0):
 garbage-first heap   total 66560K, used 51578K [0x00000000c2000000, 0x0000000100000000)
  region size 1024K, 35 young (35840K), 2 survivors (2048K)
 Metaspace       used 30630K, capacity 31802K, committed 32128K, reserved 1077248K
  class space    used 3982K, capacity 4396K, committed 4480K, reserved 1048576K
}
Event: 3.356 GC heap after
{Heap after GC invocations=15 (full 0):
 garbage-first heap   total 66560K, used 21485K [0x00000000c2000000, 0x0000000100000000)
  region size 1024K, 5 young (5120K), 5 survivors (5120K)
 Metaspace       used 30630K, capacity 31802K, committed 32128K, reserved 1077248K
  class space    used 3982K, capacity 4396K, committed 4480K, reserved 1048576K
}
Event: 3.670 GC heap before
{Heap before GC invocations=15 (full 0):
 garbage-first heap   total 66560K, used 50157K [0x00000000c2000000, 0x0000000100000000)
  region size 1024K, 34 young (34816K), 5 survivors (5120K)
 Metaspace       used 32724K, capacity 33969K, committed 34176K, reserved 1079296K
  class space    used 4228K, capacity 4662K, committed 4736K, reserved 1048576K
}

