# JRE version: Java(TM) SE Runtime Environment (13.0.2+8) (build 13.0.2+8)
# Java VM: Java HotSpot(TM) 64-Bit Server VM (13.0.2+8, mixed mode, sharing, tiered, compressed oops, g1 gc, windows-amd64)
Heap:
 garbage-first heap   total 97280K, used 55634K [0x00000000c2000000, 0x0000000100000000)
  region size 1024K, 19 young (19456K), 2 survivors (2048K)
 Metaspace       used 60667K, capacity 62363K, committed 62672K, reserved 1103872K
  class space    used 8183K, capacity 8815K, committed 8912K, reserved 1048576K
GC Heap History (20 events):
Event: 1353.532 GC heap before
{Heap before GC invocations=51 (full 0):
 garbage-first heap   total 66560K, used 38559K [0x00000000c2000000, 0x0000000100000000)
  region size 1024K, 3 young (3072K), 1 survivors (1024K)
 Metaspace       used 60383K, capacity 61974K, committed 62416K, reserved 1103872K
  class space    used 8138K, capacity 8748K, committed 8912K, reserved 1048576K
}
Event: 1353.538 GC heap after
{Heap after GC invocations=52 (full 0):
 garbage-first heap   total 66560K, used 34370K [0x00000000c2000000, 0x0000000100000000)
  region size 1024K, 1 young (1024K), 1 survivors (1024K)
 Metaspace       used 60383K, capacity 61974K, committed 62416K, reserved 1103872K
  class space    used 8138K, capacity 8748K, committed 8912K, reserved 1048576K
}
Event: 1621.845 GC heap before
{Heap before GC invocations=52 (full 0):
 garbage-first heap   total 66560K, used 53826K [0x00000000c2000000, 0x0000000100000000)
  region size 1024K, 20 young (20480K), 1 survivors (1024K)
 Metaspace       used 60383K, capacity 61974K, committed 62416K, reserved 1103872K
  class space    used 8138K, capacity 8748K, committed 8912K, reserved 1048576K
}
Event: 1621.847 GC heap after
{Heap after GC invocations=53 (full 0):
 garbage-first heap   total 66560K, used 34352K [0x00000000c2000000, 0x0000000100000000)
  region size 1024K, 1 young (1024K), 1 survivors (1024K)
 Metaspace       used 60383K, capacity 61974K, committed 62416K, reserved 1103872K
  class space    used 8138K, capacity 8748K, committed 8912K, reserved 1048576K
}
Event: 1799.948 GC heap before
{Heap before GC invocations=54 (full 0):
 garbage-first heap   total 66560K, used 52784K [0x00000000c2000000, 0x0000000100000000)
  region size 1024K, 20 young (20480K), 1 survivors (1024K)
 Metaspace       used 60427K, capacity 62062K, committed 62672K, reserved 1103872K
  class space    used 8145K, capacity 8752K, committed 8912K, reserved 1048576K
}
Event: 1799.950 GC heap after
{Heap after GC invocations=55 (full 0):
 garbage-first heap   total 66560K, used 35931K [0x00000000c2000000, 0x0000000100000000)
  region size 1024K, 2 young (2048K), 2 survivors (2048K)
 Metaspace       used 60427K, capacity 62062K, committed 62672K, reserved 1103872K
  class space    used 8145K, capacity 8752K, committed 8912K, reserved 1048576K
}
Event: 1957.143 GC heap before
{Heap before GC invocations=55 (full 0):
 garbage-first heap   total 66560K, used 53339K [0x00000000c2000000, 0x0000000100000000)
  region size 1024K, 20 young (20480K), 2 survivors (2048K)
 Metaspace       used 60430K, capacity 62062K, committed 62672K, reserved 1103872K
  class space    used 8145K, capacity 8752K, committed 8912K, reserved 1048576K
}
Event: 1957.145 GC heap after
{Heap after GC invocations=56 (full 0):
 garbage-first heap   total 66560K, used 37777K [0x00000000c2000000, 0x0000000100000000)
  region size 1024K, 3 young (3072K), 3 survivors (3072K)
 Metaspace       used 60430K, capacity 62062K, committed 62672K, reserved 1103872K
  class space    used 8145K, capacity 8752K, committed 8912K, reserved 1048576K
}
Event: 2197.093 GC heap before
{Heap before GC invocations=57 (full 0):
 garbage-first heap   total 66560K, used 55185K [0x00000000c2000000, 0x0000000100000000)
  region size 1024K, 20 young (20480K), 3 survivors (3072K)
 Metaspace       used 60430K, capacity 62062K, committed 62672K, reserved 1103872K
  class space    used 8145K, capacity 8752K, committed 8912K, reserved 1048576K
}
Event: 2197.095 GC heap after
{Heap after GC invocations=58 (full 0):
 garbage-first heap   total 66560K, used 37728K [0x00000000c2000000, 0x0000000100000000)
  region size 1024K, 2 young (2048K), 2 survivors (2048K)
 Metaspace       used 60430K, capacity 62062K, committed 62672K, reserved 1103872K
  class space    used 8145K, capacity 8752K, committed 8912K, reserved 1048576K
}
Event: 2210.776 GC heap before
{Heap before GC invocations=58 (full 0):
 garbage-first heap   total 66560K, used 38752K [0x00000000c2000000, 0x0000000100000000)
  region size 1024K, 3 young (3072K), 2 survivors (2048K)
 Metaspace       used 60430K, capacity 62062K, committed 62672K, reserved 1103872K
  class space    used 8145K, capacity 8752K, committed 8912K, reserved 1048576K
}
Event: 2210.781 GC heap after
{Heap after GC invocations=59 (full 0):
 garbage-first heap   total 66560K, used 36429K [0x00000000c2000000, 0x0000000100000000)
  region size 1024K, 1 young (1024K), 1 survivors (1024K)
 Metaspace       used 60430K, capacity 62062K, committed 62672K, reserved 1103872K
  class space    used 8145K, capacity 8752K, committed 8912K, reserved 1048576K
}
Event: 7136.899 GC heap before
{Heap before GC invocations=59 (full 0):
 garbage-first heap   total 66560K, used 52813K [0x00000000c2000000, 0x0000000100000000)
  region size 1024K, 18 young (18432K), 1 survivors (1024K)
 Metaspace       used 60467K, capacity 62104K, committed 62672K, reserved 1103872K
  class space    used 8151K, capacity 8759K, committed 8912K, reserved 1048576K
}
Event: 7136.902 GC heap after
{Heap after GC invocations=60 (full 0):
 garbage-first heap   total 66560K, used 38691K [0x00000000c2000000, 0x0000000100000000)
  region size 1024K, 3 young (3072K), 3 survivors (3072K)
 Metaspace       used 60467K, capacity 62104K, committed 62672K, reserved 1103872K
  class space    used 8151K, capacity 8759K, committed 8912K, reserved 1048576K
}
Event: 7288.861 GC heap before
{Heap before GC invocations=61 (full 0):
 garbage-first heap   total 73728K, used 53027K [0x00000000c2000000, 0x0000000100000000)
  region size 1024K, 18 young (18432K), 3 survivors (3072K)
 Metaspace       used 60532K, capacity 62192K, committed 62672K, reserved 1103872K
  class space    used 8163K, capacity 8779K, committed 8912K, reserved 1048576K
}
Event: 7288.876 GC heap after
{Heap after GC invocations=62 (full 0):
 garbage-first heap   total 73728K, used 39968K [0x00000000c2000000, 0x0000000100000000)
  region size 1024K, 2 young (2048K), 2 survivors (2048K)
 Metaspace       used 60532K, capacity 62192K, committed 62672K, reserved 1103872K
  class space    used 8163K, capacity 8779K, committed 8912K, reserved 1048576K
}
Event: 7474.217 GC heap before
{Heap before GC invocations=62 (full 0):
 garbage-first heap   total 73728K, used 56352K [0x00000000c2000000, 0x0000000100000000)
  region size 1024K, 19 young (19456K), 2 survivors (2048K)
 Metaspace       used 60645K, capacity 62363K, committed 62672K, reserved 1103872K
  class space    used 8180K, capacity 8815K, committed 8912K, reserved 1048576K
}
Event: 7474.241 GC heap after
{Heap after GC invocations=63 (full 0):
 garbage-first heap   total 73728K, used 40217K [0x00000000c2000000, 0x0000000100000000)
  region size 1024K, 2 young (2048K), 2 survivors (2048K)
 Metaspace       used 60645K, capacity 62363K, committed 62672K, reserved 1103872K
  class space    used 8180K, capacity 8815K, committed 8912K, reserved 1048576K
}
Event: 7474.260 GC heap before
{Heap before GC invocations=63 (full 0):
 garbage-first heap   total 73728K, used 57625K [0x00000000c2000000, 0x0000000100000000)
  region size 1024K, 20 young (20480K), 2 survivors (2048K)
 Metaspace       used 60645K, capacity 62363K, committed 62672K, reserved 1103872K
  class space    used 8180K, capacity 8815K, committed 8912K, reserved 1048576K
}
Event: 7474.265 GC heap after
{Heap after GC invocations=64 (full 0):
 garbage-first heap   total 73728K, used 40274K [0x00000000c2000000, 0x0000000100000000)
  region size 1024K, 2 young (2048K), 2 survivors (2048K)
 Metaspace       used 60645K, capacity 62363K, committed 62672K, reserved 1103872K
  class space    used 8180K, capacity 8815K, committed 8912K, reserved 1048576K
}

